Arguments: 
  C:\Program Files\nodejs\node.exe C:\Users\10067\AppData\Roaming\npm\node_modules\yarn\bin\yarn.js

PATH: 
  C:\Users\10067\bin;C:\Program Files\Git\mingw64\bin;C:\Program Files\Git\usr\local\bin;C:\Program Files\Git\usr\bin;C:\Program Files\Git\usr\bin;C:\Program Files\Git\mingw64\bin;C:\Program Files\Git\usr\bin;C:\Users\10067\bin;C:\Program Files\Microsoft MPI\Bin;C:\ProgramData\Oracle\Java\javapath;C:\Program Files (x86)\Intel\iCLS Client;C:\Program Files\Intel\iCLS Client;C:\WINDOWS\system32;C:\WINDOWS;C:\WINDOWS\System32\Wbem;C:\WINDOWS\System32\WindowsPowerShell\v1.0;C:\Program Files (x86)\Intel\Intel(R) Management Engine Components\DAL;C:\Program Files\Intel\Intel(R) Management Engine Components\DAL;C:\Program Files (x86)\Intel\Intel(R) Management Engine Components\IPT;C:\Program Files\Intel\Intel(R) Management Engine Components\IPT;D:\Program Files\Microsoft VS Code\bin;C:\WINDOWS\System32\OpenSSH;D:\java\jdk\bin;D:\Program Files\Vscode\Microsoft VS Code\bin;C:\Program Files\dotnet;C:\Program Files\Microsoft SQL Server\130\Tools\Binn;C:\Program Files\MongoDB\Server\4.2\bin;%NVM_HOME%;%NVM_SYMLINK%;C:\Program Files\TortoiseGit\bin;C:\Program Files\nodejs;C:\Program Files\Git\cmd;C:\Program Files\TortoiseSVN\bin;C:\Users\10067\AppData\Local\Microsoft\WindowsApps;D:\Program Files\Microsoft VS Code\bin;D:\Users\10067\AppData\Local\Programs\Fiddler;D:\Program Files\Huawei FastApp IDE\bin;C:\Users\10067\AppData\Local\GitHubDesktop\bin;C:\Users\10067\AppData\Local\Microsoft\WindowsApps;C:\Users\10067\AppData\Roaming\nvm;C:\Program Files\nodejs;C:\Users\10067\AppData\Roaming\npm;C:\Program Files\Git\usr\bin\vendor_perl;C:\Program Files\Git\usr\bin\core_perl

Yarn version: 
  1.16.0

Node version: 
  14.15.4

Platform: 
  win32 x64

Trace: 
  Error: getaddrinfo EAI_AGAIN registry.yarnpkg.com
      at GetAddrInfoReqWrap.onlookup [as oncomplete] (dns.js:67:26)

npm manifest: 
  {
    "name": "lg-input",
    "version": "0.0.3",
    "description": "",
    "main": "dist/cjs/index.js",
    "module": "dist/es/index.js",
    "scripts": {
      "test": "echo \"Error: no test specified\" && exit 1",
      "del": "rimraf dist"
    },
    "keywords": [],
    "author": "lijiapeng",
    "license": "MIT",
    "dependencies": {
      "lodash": "3"
    },
    "gitHead": "930f550a1a0da8370aa81ab36274b6d5d281dbf8"
  }

yarn manifest: 
  No manifest

Lockfile: 
  # THIS IS AN AUTOGENERATED FILE. DO NOT EDIT THIS FILE DIRECTLY.
  # yarn lockfile v1
